list(fixed = c(`A.(Intercept)` = 2.30292902457857, A.treatozone = 0.174977029554445, 
`B.(Intercept)` = 3.9214892437056, B.treatozone = -0.564546353315608, 
C = 81.7185404762149), random = list(tree = structure(c(0.0448597542222803, 
0.491714485632809, 0.127406656041341, 0.601081434870993, -0.380646191186726, 
0.432778397227998, 0.571381269057222, 0.174426848343835, 0.497247441586712, 
0.110245369802871, 0.121521036668076, 0.144594553519297, 0.422083915253287, 
0.701724537094377, 1.50727116563317, -0.277820192665508, 1.02883767545285, 
-1.0087827035906, -0.819517717087886, 0.537806123583608, 0.195777519590542, 
-0.766730241208186, 0.104228908191621, -0.684378319145675, -1.57985485963622, 
-0.93433834280155, -0.666064950496331, 0.589046686210839, 0.634980254723522, 
1.12248728766145, -0.283246564156385, 0.479332975026509, 0.347468824239332, 
0.148400955610848, 1.25239379950604, 0.212493942045063, 0.926946774250091, 
-0.216712217836694, 0.842769139376032, 0.0496318817624158, 0.519483236251562, 
0.377320923989017, -0.233034807733214, -0.524048178230756, -1.40323345419263, 
0.306638328652503, -0.0657842445451968, -0.813279213622248, -0.947430098714437, 
-1.30601465167003, -1.15978718157196, -0.994523382877464, -0.120930123245277, 
-0.438224464863168, 1.09177501874988, 0.702634624897016, 0.778355974458136, 
0.567313268513453, -0.542615220871452, 0.661761684165675, 1.03719840860389, 
-0.0178221367904796, -1.31295435762895, -1.56443482049838, -0.697995879927964, 
-1.06490873512335, 1.43213960796106, -0.524714751301318, 0.353975997170006, 
0.66556942893116, 0.863330028115302, 0.978700988400419, 1.60381988710127, 
-0.0962118623084989, -1.416084300727, -1.28655520392523, -0.417868543951973, 
0.0323355955309836, -1.82674469954368, 0.829751453852842, -0.971619425007743, 
-0.395474223026403, -0.582120608412104, 1.45466259736831, 0.216184257234638, 
-0.657880204929124, -0.0165711924508003, 0.505631742268282, -0.661061042560098, 
-0.290948391175048, 0.277015988468731, -0.0326952301350024, -0.63622499694488, 
-2.80787291433762, -0.0530925691245301, -1.01266302734727, -0.121103215724321, 
0.419018857153202, -0.498344575831797, -0.28322735855974, 0.754611221375325, 
0.155805557133491, -1.25223890828513, 1.73685990686142, 0.461876220997711, 
0.889411913762283, -0.436631475519317, 0.211279080863, -0.579841100092019, 
-0.0277192048633811, -0.380894048726064, -0.0660536542103703, 
-0.225598980278585, -0.458717549896132, -0.979118271594717, 0.269906082124272, 
0.758666416061939, -0.0837468482500761, 0.0786518471303385, 0.749267084773231, 
-0.252120331051348, 0.619749938066799, 0.504501650788843, 0.388649819387065, 
-0.0470610305718918, 0.136910994922535, 0.29072624255249, 0.242661672260924, 
0.647664339388753, 0.928052898335551, 1.19805510980462, -1.15154694941509, 
0.23661443538403, -1.40283390236647, 0.116513389614417, -1.1743093529266, 
-0.35712890323457, 0.736339706764251, -0.352763428754137, -0.0731589255993241, 
-0.193579986896668, 0.923546091685282, -0.540080963033166, 0.573972186330192, 
0.685942688291761, -1.01091822299556, 0.838068455275842, -0.161541032811468, 
-0.468786072987268, -0.27244813137531, -0.830598678913585, -0.750295640946054, 
0.252377053556979, 1.38532204097952, 0.940184195472512, -0.838339560482022, 
0.430715498278814, 1.54380149707265), dim = c(79L, 2L), dimnames = list(
    c("1", "2", "3", "4", "5", "6", "7", "8", "9", "10", "11", 
    "12", "13", "14", "15", "16", "17", "18", "19", "20", "21", 
    "22", "23", "24", "25", "26", "27", "28", "29", "30", "31", 
    "32", "33", "34", "35", "36", "37", "38", "39", "40", "41", 
    "42", "43", "44", "45", "46", "47", "48", "49", "50", "51", 
    "52", "53", "54", "55", "56", "57", "58", "59", "60", "61", 
    "62", "63", "64", "65", "66", "67", "68", "69", "70", "71", 
    "72", "73", "74", "75", "76", "77", "78", "79"), c("A.(Intercept)", 
    "B.(Intercept)")))))
