              [,1]         [,2]         [,3]         [,4]         [,5]         [,6]         [,7]         [,8]         [,9]        [,10]        [,11]        [,12]        [,13]        [,14]        [,15]        [,16]        [,17]        [,18]        [,19]        [,20]
 [1,] 5.421011e-20 5.421011e-20 4.743385e-20 2.710505e-20 2.032879e-20 0.000000e+00 0.000000e+00 0.000000e+00 3.571442e-09 1.219616e-08 3.524536e-08 1.011158e-07 2.273472e-07 4.796232e-07 1.011827e-06 2.012240e-06 3.566323e-06 6.037962e-06 9.768426e-06 1.515928e-05
 [2,] 0.000000e+00 0.000000e+00 0.000000e+00 0.000000e+00 0.000000e+00 0.000000e+00 0.000000e+00 0.000000e+00 6.404349e-09 2.313484e-08 6.717952e-08 1.889073e-07 4.220158e-07 8.839962e-07 1.811663e-06 3.510219e-06 6.152924e-06 1.030283e-05 1.648623e-05 2.531629e-05
 [3,] 0.000000e+00 0.000000e+00 0.000000e+00 0.000000e+00 0.000000e+00 0.000000e+00 0.000000e+00 0.000000e+00 1.107257e-08 4.018730e-08 1.158307e-07 3.218565e-07 7.167803e-07 1.501135e-06 3.025705e-06 5.769744e-06 1.005130e-05 1.672444e-05 2.658870e-05 4.057207e-05
 [4,] 0.000000e+00 0.000000e+00 0.000000e+00 0.000000e+00 0.000000e+00 0.000000e+00 0.000000e+00 0.000000e+00 1.845718e-08 6.731795e-08 1.927000e-07 5.300502e-07 1.178412e-06 2.465605e-06 4.909397e-06 9.244533e-06 1.602376e-05 2.652522e-05 4.194474e-05 6.366529e-05
 [5,] 0.000000e+00 0.000000e+00 0.000000e+00 0.000000e+00 0.000000e+00 0.000000e+00 0.000000e+00 0.000000e+00 2.966382e-08 1.087417e-07 3.093178e-07 8.413623e-07 1.866605e-06 3.901466e-06 7.692491e-06 1.433922e-05 2.474896e-05 4.079331e-05 6.421859e-05 9.704109e-05
 [6,] 0.000000e+00 0.000000e+00 0.000000e+00 0.000000e+00 0.000000e+00 0.000000e+00 0.000000e+00 0.000000e+00 4.596577e-08 1.693901e-07 4.790574e-07 1.289168e-06 2.851849e-06 5.953248e-06 1.164767e-05 2.153557e-05 3.703552e-05 6.082382e-05 9.539242e-05 1.436129e-04
 [7,] 2.168404e-19 2.168404e-19 3.252607e-19 5.421011e-20 0.000000e+00 5.421011e-20 0.000000e+00 0.000000e+00 6.867350e-08 2.544547e-07 7.158533e-07 1.906761e-06 4.206846e-06 8.771658e-06 1.705924e-05 3.133546e-05 5.372654e-05 8.797407e-05 1.375477e-04 2.064434e-04
 [8,] 0.000000e+00 0.000000e+00 0.000000e+00 0.000000e+00 0.000000e+00 0.000000e+00 0.000000e+00 0.000000e+00 9.892175e-08 3.686095e-07 1.032070e-06 2.722345e-06 5.991708e-06 1.247866e-05 2.415384e-05 4.413489e-05 7.547982e-05 1.232864e-04 1.922642e-04 2.878284e-04
 [9,] 0.000000e+00 0.000000e+00 0.000000e+00 0.000000e+00 0.000000e+00 0.000000e+00 0.000000e+00 0.000000e+00 1.373863e-07 5.149437e-07 1.435613e-06 3.751882e-06 8.239809e-06 1.714029e-05 3.305128e-05 6.013173e-05 1.026119e-04 1.672493e-04 2.602567e-04 3.887698e-04
[10,] 2.168404e-19 0.000000e+00 2.168404e-19 0.000000e+00 0.000000e+00 1.084202e-19 0.000000e+00 0.000000e+00 1.854138e-07 6.972174e-07 1.933679e-06 5.004643e-06 1.096508e-05 2.277381e-05 4.377033e-05 7.933009e-05 1.350898e-04 2.197553e-04 3.412832e-04 5.088052e-04
[11,] 0.000000e+00 0.000000e+00 0.000000e+00 0.000000e+00 0.000000e+00 0.000000e+00 0.000000e+00 0.000000e+00 2.412466e-07 9.102908e-07 2.512747e-06 6.444695e-06 1.409126e-05 2.922270e-05 5.601182e-05 1.011901e-04 1.719946e-04 2.793126e-04 4.330263e-04 6.444734e-04
[12,] 0.000000e+00 0.000000e+00 0.000000e+00 0.000000e+00 0.000000e+00 0.000000e+00 0.000000e+00 0.000000e+00 3.023349e-07 1.145341e-06 3.148688e-06 8.010292e-06 1.748570e-05 3.621211e-05 6.925539e-05 1.247792e-04 2.117453e-04 3.433635e-04 5.315328e-04 7.899032e-04
[13,] 0.000000e+00 2.062908e-09 5.054201e-09 1.020330e-08 1.939981e-08 3.474013e-08 5.859370e-08 9.308175e-08 5.061789e-07 1.591850e-06 4.079148e-06 9.960581e-06 2.138158e-05 4.384247e-05 8.330991e-05 1.493636e-04 2.527183e-04 4.089169e-04 6.318379e-04 9.374073e-04
[14,] 0.000000e+00 4.169984e-09 1.021662e-08 2.062506e-08 3.921499e-08 7.042822e-08 1.206227e-07 1.927407e-07 7.214741e-07 2.056646e-06 5.032379e-06 1.191247e-05 2.523808e-05 5.131174e-05 9.695599e-05 1.730520e-04 2.919670e-04 4.714232e-04 7.270818e-04 1.076940e-03
[15,] 1.327949e-07 2.441198e-07 4.192407e-07 6.763553e-07 1.037361e-06 1.520252e-06 2.140266e-06 2.885348e-06 4.225902e-06 6.524349e-06 1.065564e-05 1.905698e-05 3.459475e-05 6.421807e-05 1.154866e-04 2.003784e-04 3.327350e-04 5.322146e-04 8.159926e-04 1.203839e-03
[16,] 3.730742e-07 6.831814e-07 1.177073e-06 1.906681e-06 2.933277e-06 4.303741e-06 6.047632e-06 8.121240e-06 1.098805e-05 1.496053e-05 2.086215e-05 3.117622e-05 4.898674e-05 8.167684e-05 1.373880e-04 2.289243e-04 3.713230e-04 5.857956e-04 8.906275e-04 1.306902e-03
[17,] 7.860285e-07 1.428086e-06 2.447836e-06 3.952224e-06 6.059369e-06 8.855765e-06 1.238254e-05 1.653488e-05 2.171473e-05 2.810961e-05 3.640159e-05 4.898611e-05 6.904238e-05 1.041544e-04 1.628658e-04 2.584802e-04 4.068747e-04 6.303295e-04 9.477456e-04 1.380962e-03
[18,] 1.690626e-06 2.983372e-06 4.994708e-06 7.914915e-06 1.194260e-05 1.721218e-05 2.377049e-05 3.140627e-05 4.038638e-05 5.066854e-05 6.266639e-05 7.851499e-05 1.013068e-04 1.385363e-04 1.989105e-04 2.958728e-04 4.457470e-04 6.713816e-04 9.918162e-04 1.429105e-03
[19,] 3.115034e-06 5.471257e-06 9.124228e-06 1.441818e-05 2.169093e-05 3.116363e-05 4.288971e-05 5.647301e-05 7.190507e-05 8.871009e-05 1.067956e-04 1.277601e-04 1.543404e-04 1.936319e-04 2.542895e-04 3.496202e-04 4.961089e-04 7.168023e-04 1.030530e-03 1.459129e-03
[20,] 5.331422e-06 9.340739e-06 1.554453e-05 2.452394e-05 3.683337e-05 5.282336e-05 7.254810e-05 9.531184e-05 1.206480e-04 1.473906e-04 1.746500e-04 2.031703e-04 2.350335e-04 2.766576e-04 3.364843e-04 4.275169e-04 5.662472e-04 7.757010e-04 1.074312e-03 1.483395e-03
[21,] 8.779291e-06 1.534146e-05 2.547541e-05 4.012410e-05 6.016225e-05 8.612227e-05 1.180351e-04 1.547288e-04 1.950029e-04 2.366226e-04 2.774899e-04 3.170783e-04 3.564475e-04 4.010932e-04 4.591564e-04 5.433320e-04 6.701797e-04 8.627412e-04 1.139130e-03 1.520068e-03
[22,] 1.383738e-05 2.411957e-05 3.996737e-05 6.284505e-05 9.408019e-05 1.344545e-04 1.839510e-04 2.406977e-04 3.024167e-04 3.653351e-04 4.256368e-04 4.810139e-04 5.310686e-04 5.801466e-04 6.360610e-04 7.113431e-04 8.229019e-04 9.941036e-04 1.243108e-03 1.590229e-03
[23,] 2.105827e-05 3.661102e-05 6.053167e-05 9.501227e-05 1.419964e-04 2.025848e-04 2.766567e-04 3.613353e-04 4.528080e-04 5.451573e-04 6.322132e-04 7.092725e-04 7.740024e-04 8.294243e-04 8.830969e-04 9.477201e-04 1.041077e-03 1.187446e-03 1.405688e-03 1.716139e-03
[24,] 3.094973e-05 5.368155e-05 8.857337e-05 1.388022e-04 2.071183e-04 2.950225e-04 4.022042e-04 5.243976e-04 6.556775e-04 7.872278e-04 9.097459e-04 1.015397e-03 1.099384e-03 1.163269e-03 1.214539e-03 1.266587e-03 1.338854e-03 1.457406e-03 1.642744e-03 1.915889e-03
[25,] 4.404191e-05 7.621994e-05 1.255108e-04 1.963757e-04 2.925815e-04 4.160997e-04 5.663024e-04 7.370623e-04 9.196517e-04 1.101473e-03 1.269209e-03 1.411076e-03 1.519274e-03 1.593826e-03 1.642423e-03 1.679812e-03 1.728041e-03 1.816006e-03 1.966962e-03 2.203421e-03
[26,] 6.067331e-05 1.047856e-04 1.722203e-04 2.690490e-04 4.002686e-04 5.683763e-04 7.722623e-04 1.003407e-03 1.249516e-03 1.493252e-03 1.716343e-03 1.902207e-03 2.039526e-03 2.126742e-03 2.172088e-03 2.192403e-03 2.213360e-03 2.267793e-03 2.382887e-03 2.583517e-03
[27,] 8.092260e-05 1.394915e-04 2.288456e-04 3.569949e-04 5.303626e-04 7.519983e-04 1.020112e-03 1.323236e-03 1.644732e-03 1.961551e-03 2.249560e-03 2.486572e-03 2.657311e-03 2.758643e-03 2.799726e-03 2.800206e-03 2.790355e-03 2.807971e-03 2.885260e-03 3.050268e-03
[28,] 1.045267e-04 1.798705e-04 2.945901e-04 4.589333e-04 6.809056e-04 9.640964e-04 1.305814e-03 1.691103e-03 2.098254e-03 2.497624e-03 2.858430e-03 3.152208e-03 3.359425e-03 3.475446e-03 3.510723e-03 3.488358e-03 3.444002e-03 3.421212e-03 3.458070e-03 3.586431e-03
[29,] 1.307880e-04 2.247212e-04 3.674726e-04 5.717609e-04 8.472663e-04 1.198059e-03 1.620320e-03 2.095150e-03 2.595183e-03 3.083493e-03 3.522093e-03 3.875820e-03 4.120774e-03 4.250964e-03 4.278471e-03 4.230313e-03 4.148000e-03 4.081264e-03 4.074529e-03 4.163811e-03
[30,] 1.585526e-04 2.720745e-04 4.442813e-04 6.904909e-04 1.022066e-03 1.443453e-03 1.949505e-03 2.517064e-03 3.112770e-03 3.692039e-03 4.209464e-03 4.623098e-03 4.904817e-03 5.047486e-03 5.065065e-03 4.988705e-03 4.865825e-03 4.752272e-03 4.698779e-03 4.745510e-03
[31,] 1.862628e-04 3.192851e-04 5.207286e-04 8.084990e-04 1.195554e-03 1.686567e-03 2.274920e-03 2.933099e-03 3.621729e-03 4.288613e-03 4.881135e-03 5.350890e-03 5.665942e-03 5.818301e-03 5.823922e-03 5.717997e-03 5.553439e-03 5.391607e-03 5.288955e-03 5.289386e-03
[32,] 2.120842e-04 3.632482e-04 5.918040e-04 9.180717e-04 1.356415e-03 1.911559e-03 2.575357e-03 3.316098e-03 4.088760e-03 4.834062e-03 5.492860e-03 6.011061e-03 6.353600e-03 6.511964e-03 6.504072e-03 6.368743e-03 6.163478e-03 5.954026e-03 5.801436e-03 5.752555e-03
[33,] 2.341013e-04 4.007277e-04 6.523020e-04 1.011217e-03 1.492960e-03 2.102117e-03 2.829072e-03 3.638358e-03 4.480076e-03 5.288893e-03 6.000285e-03 6.555662e-03 6.917739e-03 7.077850e-03 7.055671e-03 6.892923e-03 6.650367e-03 6.396576e-03 6.195612e-03 6.096150e-03
[34,] 2.505523e-04 4.287490e-04 6.974517e-04 1.080626e-03 1.594523e-03 2.243415e-03 3.016383e-03 3.874933e-03 4.765429e-03 5.617979e-03 6.364237e-03 6.942645e-03 7.314781e-03 7.472183e-03 7.435922e-03 7.249633e-03 6.975697e-03 6.683639e-03 6.438646e-03 6.289881e-03
[35,] 2.600635e-04 4.449927e-04 7.235424e-04 1.120626e-03 1.652849e-03 2.324018e-03 3.122196e-03 4.006825e-03 4.921965e-03 5.795030e-03 6.555694e-03 7.141196e-03 7.513126e-03 7.663560e-03 7.614469e-03 7.410248e-03 7.113108e-03 6.791539e-03 6.509857e-03 6.316298e-03
[36,] 2.618412e-04 4.481135e-04 7.284298e-04 1.127950e-03 1.663202e-03 2.337416e-03 3.138014e-03 4.023499e-03 4.937247e-03 5.806047e-03 6.559589e-03 7.135749e-03 7.497262e-03 7.637018e-03 7.577310e-03 7.362079e-03 7.051604e-03 6.711454e-03 6.403164e-03 6.172726e-03
[37,] 2.557812e-04 4.379253e-04 7.118292e-04 1.102179e-03 1.625002e-03 2.282894e-03 3.063062e-03 3.924272e-03 4.810869e-03 5.651131e-03 6.376736e-03 6.927956e-03 7.269693e-03 7.395849e-03 7.328432e-03 7.109749e-03 6.796563e-03 6.449866e-03 6.126774e-03 5.869880e-03
[38,] 2.424771e-04 4.154166e-04 6.753366e-04 1.045770e-03 1.541864e-03 2.165573e-03 2.904320e-03 3.718303e-03 4.554391e-03 5.344319e-03 6.023546e-03 6.536277e-03 6.850408e-03 6.960961e-03 6.889075e-03 6.674384e-03 6.368850e-03 6.027605e-03 5.702076e-03 5.430564e-03
[39,] 2.231253e-04 3.825936e-04 6.221793e-04 9.636797e-04 1.421047e-03 1.995629e-03 2.675466e-03 3.423230e-03 4.189632e-03 4.911535e-03 5.529653e-03 5.993329e-03 6.274041e-03 6.367950e-03 6.294814e-03 6.090771e-03 5.802084e-03 5.477194e-03 5.161042e-03 4.887074e-03
[40,] 1.993484e-04 3.421878e-04 5.567489e-04 8.626506e-04 1.272414e-03 1.786858e-03 2.394962e-03 3.062707e-03 3.745648e-03 4.387028e-03 4.933880e-03 5.341498e-03 5.585264e-03 5.662427e-03 5.590973e-03 5.402990e-03 5.138565e-03 4.839095e-03 4.542714e-03 4.277803e-03
[41,] 1.729730e-04 2.972841e-04 4.840085e-04 7.503060e-04 1.107125e-03 1.554845e-03 2.083625e-03 2.663326e-03 3.254978e-03 3.808979e-03 4.279297e-03 4.627572e-03 4.833165e-03 4.894300e-03 4.826935e-03 4.658833e-03 4.423822e-03 4.156332e-03 3.887798e-03 3.641621e-03
[42,] 1.458030e-04 2.509407e-04 4.088854e-04 6.342232e-04 9.362772e-04 1.315094e-03 1.762142e-03 2.251460e-03 2.749810e-03 3.215040e-03 3.608228e-03 3.897368e-03 4.065656e-03 4.112138e-03 4.050623e-03 3.904529e-03 3.701680e-03 3.469953e-03 3.234538e-03 3.014181e-03
[43,] 1.194270e-04 2.058630e-04 3.357482e-04 5.211324e-04 7.697456e-04 1.081402e-03 1.448915e-03 1.850535e-03 2.258679e-03 2.638503e-03 2.957987e-03 3.191156e-03 3.324728e-03 3.358401e-03 3.303841e-03 3.180314e-03 3.010143e-03 2.815327e-03 2.615488e-03 2.425227e-03
[44,] 9.508558e-05 1.641765e-04 2.680401e-04 4.163517e-04 6.153490e-04 8.647050e-04 1.158529e-03 1.479098e-03 1.804130e-03 2.105603e-03 2.357878e-03 2.540456e-03 2.643146e-03 2.666127e-03 2.619023e-03 2.517310e-03 2.378472e-03 2.219436e-03 2.055079e-03 1.896456e-03
[45,] 7.360902e-05 1.273174e-04 2.080992e-04 3.235065e-04 4.784363e-04 6.724945e-04 9.009789e-04 1.149840e-03 1.401546e-03 1.634169e-03 1.827725e-03 1.966479e-03 2.042846e-03 2.057321e-03 2.017662e-03 1.936013e-03 1.825752e-03 1.699586e-03 1.568501e-03 1.440632e-03
[46,] 5.542132e-05 9.603352e-05 1.571567e-04 2.445219e-04 3.618675e-04 5.087886e-04 6.816265e-04 8.695417e-04 1.059101e-03 1.233597e-03 1.377871e-03 1.480171e-03 1.535026e-03 1.543108e-03 1.510533e-03 1.446610e-03 1.361350e-03 1.264071e-03 1.162673e-03 1.062978e-03
[47,] 4.059478e-05 7.047330e-05 1.154752e-04 1.798290e-04 2.663095e-04 3.745385e-04 5.017392e-04 6.397720e-04 7.786074e-04 9.058538e-04 1.010315e-03 1.083451e-03 1.121442e-03 1.125024e-03 1.098914e-03 1.050085e-03 9.858649e-04 9.129289e-04 8.368144e-04 7.615655e-04
[48,] 2.893457e-05 5.032454e-05 8.256824e-05 1.286991e-04 1.907174e-04 2.682932e-04 3.593679e-04 4.579908e-04 5.568637e-04 6.470352e-04 7.204563e-04 7.710930e-04 7.963659e-04 7.969978e-04 7.765454e-04 7.401194e-04 6.929668e-04 6.397615e-04 5.842861e-04 5.292699e-04
[49,] 2.007272e-05 3.497734e-05 5.746550e-05 8.965399e-05 1.329447e-04 1.870661e-04 2.505287e-04 3.190986e-04 3.875994e-04 4.497332e-04 4.998613e-04 5.338342e-04 5.499647e-04 5.489029e-04 5.332683e-04 5.067213e-04 4.729420e-04 4.351350e-04 3.958256e-04 3.568042e-04
[50,] 1.348542e-05 2.354017e-05 3.872195e-05 6.046038e-05 8.970191e-05 1.262288e-04 1.689879e-04 2.150548e-04 2.608666e-04 3.021271e-04 3.350152e-04 3.567817e-04 3.663834e-04 3.643832e-04 3.526701e-04 3.337982e-04 3.102681e-04 2.841929e-04 2.571777e-04 2.303263e-04
[51,] 8.808316e-06 1.539934e-05 2.535576e-05 3.961263e-05 5.878539e-05 8.270454e-05 1.106433e-04 1.406390e-04 1.703116e-04 1.968211e-04 2.176652e-04 2.310886e-04 2.364837e-04 2.343113e-04 2.258907e-04 2.129479e-04 1.971270e-04 1.797736e-04 1.618685e-04 1.440645e-04
             [,21]        [,22]        [,23]        [,24]        [,25]        [,26]        [,27]        [,28]        [,29]        [,30]        [,31]        [,32]        [,33]        [,34]        [,35]        [,36]        [,37]        [,38]        [,39]        [,40]
 [1,] 2.251020e-05 3.195640e-05 4.347214e-05 5.656159e-05 7.044928e-05 8.402085e-05 9.602456e-05 1.052907e-04 1.109448e-04 1.125640e-04 1.102217e-04 1.044193e-04 9.592463e-05 8.562005e-05 7.435357e-05 6.285715e-05 5.172214e-05 4.139353e-05 3.218269e-05 2.429901e-05
 [2,] 3.722378e-05 5.237999e-05 7.071678e-05 9.144469e-05 1.133825e-04 1.348486e-04 1.539653e-04 1.689722e-04 1.785265e-04 1.819266e-04 1.791819e-04 1.709300e-04 1.582214e-04 1.423235e-04 1.245153e-04 1.059661e-04 8.768578e-05 7.048999e-05 5.498985e-05 4.162071e-05
 [3,] 5.929354e-05 8.297488e-05 1.114851e-04 1.435968e-04 1.775339e-04 2.107831e-04 2.405503e-04 2.642073e-04 2.797149e-04 2.859445e-04 2.827861e-04 2.710520e-04 2.521855e-04 2.280121e-04 2.004490e-04 1.713256e-04 1.422918e-04 1.147335e-04 8.972456e-05 6.804983e-05
 [4,] 9.256274e-05 1.289151e-04 1.724764e-04 2.213657e-04 2.729359e-04 3.234697e-04 3.688552e-04 4.052182e-04 4.295142e-04 4.399845e-04 4.363224e-04 4.195625e-04 3.916913e-04 3.553328e-04 3.133388e-04 2.685229e-04 2.235009e-04 1.805242e-04 1.413683e-04 1.073446e-04
 [5,] 1.404764e-04 1.948656e-04 2.597806e-04 3.324150e-04 4.089056e-04 4.838636e-04 5.513527e-04 6.057697e-04 6.426593e-04 6.593543e-04 6.552257e-04 6.315668e-04 5.910806e-04 5.374907e-04 4.749695e-04 4.077459e-04 3.398413e-04 2.747737e-04 2.153457e-04 1.636336e-04
 [6,] 2.071402e-04 2.863821e-04 3.806362e-04 4.858251e-04 5.964314e-04 7.048060e-04 8.025531e-04 8.817347e-04 9.359774e-04 9.613560e-04 9.567606e-04 9.237871e-04 8.660717e-04 7.888186e-04 6.980118e-04 5.998470e-04 5.003144e-04 4.047112e-04 3.172804e-04 2.411622e-04
 [7,] 2.968688e-04 4.093025e-04 5.426373e-04 6.910961e-04 8.469586e-04 9.995873e-04 1.137345e-03 1.249218e-03 1.326306e-03 1.363015e-03 1.357587e-03 1.312012e-03 1.231158e-03 1.122211e-03 9.935866e-04 8.541276e-04 7.124689e-04 5.762864e-04 4.517324e-04 3.433376e-04
 [8,] 4.128601e-04 5.679053e-04 7.512874e-04 9.550363e-04 1.168597e-03 1.377517e-03 1.566037e-03 1.719248e-03 1.825051e-03 1.875752e-03 1.868790e-03 1.806675e-03 1.695873e-03 1.546123e-03 1.368977e-03 1.176676e-03 9.812450e-04 7.933907e-04 6.216810e-04 4.723815e-04
 [9,] 5.564566e-04 7.639205e-04 1.008721e-03 1.280180e-03 1.564242e-03 1.841777e-03 2.091993e-03 2.295236e-03 2.435522e-03 2.502620e-03 2.493021e-03 2.409910e-03 2.261758e-03 2.061486e-03 1.824541e-03 1.567373e-03 1.306174e-03 1.055351e-03 8.263840e-04 6.275888e-04
[10,] 7.268709e-04 9.961216e-04 1.313140e-03 1.664041e-03 2.030613e-03 2.388221e-03 2.710168e-03 2.971250e-03 3.150972e-03 3.236180e-03 3.222323e-03 3.113462e-03 2.920510e-03 2.660209e-03 2.352650e-03 2.019262e-03 1.681131e-03 1.356965e-03 1.061583e-03 8.055993e-04
[11,] 9.191433e-04 1.257685e-03 1.655495e-03 2.095070e-03 2.553493e-03 2.999955e-03 3.401162e-03 3.725745e-03 3.948219e-03 4.052246e-03 4.032205e-03 3.893246e-03 3.649115e-03 3.320926e-03 2.934037e-03 2.515480e-03 2.091799e-03 1.686452e-03 1.317891e-03 9.991650e-04
[12,] 1.124914e-03 1.537180e-03 2.020729e-03 2.554170e-03 3.109520e-03 3.649384e-03 4.133472e-03 4.523907e-03 4.789997e-03 4.912139e-03 4.883715e-03 4.711178e-03 4.411420e-03 4.010318e-03 3.538896e-03 3.030159e-03 2.516409e-03 2.026055e-03 1.581270e-03 1.197521e-03
[13,] 1.332955e-03 1.819001e-03 2.388074e-03 3.014844e-03 3.666177e-03 4.298076e-03 4.863278e-03 5.317482e-03 5.624908e-03 5.762852e-03 5.723874e-03 5.515900e-03 5.159123e-03 4.684296e-03 4.128176e-03 3.529739e-03 2.926985e-03 2.353157e-03 1.833984e-03 1.387155e-03
[14,] 1.529089e-03 2.083892e-03 2.732340e-03 3.445381e-03 4.184998e-03 4.901025e-03 5.539737e-03 6.050931e-03 6.394231e-03 6.544225e-03 6.492910e-03 6.249784e-03 5.838298e-03 5.293878e-03 4.658699e-03 3.977297e-03 3.292902e-03 2.643118e-03 2.056800e-03 1.553480e-03
[15,] 1.704455e-03 2.317979e-03 3.033900e-03 3.819857e-03 4.633497e-03 5.419301e-03 6.118030e-03 6.674545e-03 7.044751e-03 7.201202e-03 7.135726e-03 6.859457e-03 6.398875e-03 5.793565e-03 5.090407e-03 4.338660e-03 3.585908e-03 2.873290e-03 2.232095e-03 1.683153e-03
[16,] 1.843697e-03 2.500851e-03 3.266485e-03 4.105614e-03 4.972467e-03 5.807468e-03 6.547305e-03 7.133332e-03 7.518949e-03 7.675545e-03 7.595201e-03 7.290611e-03 6.790797e-03 6.138623e-03 5.384547e-03 4.581293e-03 3.779533e-03 3.022801e-03 2.343900e-03 1.764295e-03
[17,] 1.939167e-03 2.621814e-03 3.415874e-03 4.284585e-03 5.179902e-03 6.039779e-03 6.798576e-03 7.395835e-03 7.783876e-03 7.933920e-03 7.838731e-03 7.512410e-03 6.985860e-03 6.304110e-03 5.519800e-03 4.687585e-03 3.859714e-03 3.080776e-03 2.384057e-03 1.790946e-03
[18,] 1.992325e-03 2.680512e-03 3.479787e-03 4.352548e-03 5.249736e-03 6.108539e-03 6.862841e-03 7.452160e-03 7.829219e-03 7.966067e-03 7.856561e-03 7.515967e-03 6.976322e-03 6.283577e-03 5.491049e-03 4.653684e-03 3.823717e-03 3.045404e-03 2.351446e-03 1.762465e-03
[19,] 2.011396e-03 2.685919e-03 3.468253e-03 4.320781e-03 5.194591e-03 6.027660e-03 6.755114e-03 7.318130e-03 7.671227e-03 7.788262e-03 7.664595e-03 7.316485e-03 6.776402e-03 6.090059e-03 5.310011e-03 4.489908e-03 3.680431e-03 2.924148e-03 2.252164e-03 1.683688e-03
[20,] 2.011351e-03 2.656272e-03 3.403336e-03 4.215509e-03 5.044918e-03 5.831562e-03 6.513191e-03 7.034055e-03 7.351663e-03 7.442550e-03 7.304011e-03 6.953197e-03 6.422493e-03 5.756423e-03 5.005585e-03 4.220988e-03 3.450437e-03 2.733661e-03 2.099305e-03 1.564631e-03
[21,] 2.013552e-03 2.617151e-03 3.315745e-03 4.073176e-03 4.843124e-03 5.568358e-03 6.190151e-03 6.656795e-03 6.929644e-03 6.988600e-03 6.833293e-03 6.481811e-03 5.966164e-03 5.329072e-03 4.618365e-03 3.881440e-03 3.162259e-03 2.496843e-03 1.910736e-03 1.418863e-03
[22,] 2.043173e-03 2.598974e-03 3.242143e-03 3.937333e-03 4.639826e-03 5.295348e-03 5.849001e-03 6.253604e-03 6.474833e-03 6.496456e-03 6.320829e-03 5.967191e-03 5.467187e-03 4.861516e-03 4.194889e-03 3.510569e-03 2.848126e-03 2.239353e-03 1.706302e-03 1.261320e-03
[23,] 2.126448e-03 2.633106e-03 3.220032e-03 3.852252e-03 4.486236e-03 5.070279e-03 5.553035e-03 5.891841e-03 6.056807e-03 6.035878e-03 5.834542e-03 5.473577e-03 4.984580e-03 4.406418e-03 3.780789e-03 3.146755e-03 2.539361e-03 1.985995e-03 1.505079e-03 1.106274e-03
[24,] 2.284760e-03 2.745302e-03 3.280449e-03 3.854836e-03 4.425276e-03 4.941751e-03 5.355685e-03 5.628504e-03 5.734553e-03 5.666113e-03 5.432205e-03 5.055682e-03 4.568657e-03 4.008692e-03 3.414965e-03 2.822670e-03 2.262565e-03 1.757760e-03 1.323139e-03 9.656897e-04
[25,] 2.533982e-03 2.954059e-03 3.445154e-03 3.970558e-03 4.486328e-03 4.942948e-03 5.293483e-03 5.502713e-03 5.548787e-03 5.428328e-03 5.154241e-03 4.752057e-03 4.255100e-03 3.700366e-03 3.125277e-03 2.561775e-03 2.036855e-03 1.569718e-03 1.171992e-03 8.480964e-04
[26,] 2.879406e-03 3.265510e-03 3.721453e-03 4.208209e-03 4.679910e-03 5.086254e-03 5.380668e-03 5.530400e-03 5.516816e-03 5.340757e-03 5.019262e-03 4.581090e-03 4.061475e-03 3.497644e-03 2.926137e-03 2.376416e-03 1.872415e-03 1.429955e-03 1.057832e-03 7.580806e-04
[27,] 3.314289e-03 3.671952e-03 4.100669e-03 4.558289e-03 4.995987e-03 5.361523e-03 5.607483e-03 5.702679e-03 5.631047e-03 5.397386e-03 5.022937e-03 4.540077e-03 3.986498e-03 3.400350e-03 2.818121e-03 2.267580e-03 1.770368e-03 1.339538e-03 9.815657e-04 6.963503e-04
[28,] 3.819549e-03 4.151930e-03 4.558652e-03 4.993951e-03 5.405356e-03 5.737887e-03 5.942326e-03 5.988259e-03 5.861548e-03 5.570543e-03 5.140512e-03 4.607568e-03 4.012141e-03 3.393768e-03 2.789528e-03 2.226186e-03 1.723826e-03 1.293355e-03 9.394781e-04 6.602521e-04
[29,] 4.364601e-03 4.671563e-03 5.057591e-03 5.473295e-03 5.862374e-03 6.166823e-03 6.335087e-03 6.336952e-03 6.159621e-03 5.814442e-03 5.330235e-03 4.746597e-03 4.106606e-03 3.451297e-03 2.818691e-03 2.235045e-03 1.719509e-03 1.281412e-03 9.242371e-04 6.445372e-04
[30,] 4.910321e-03 5.188371e-03 5.550835e-03 5.945215e-03 6.311782e-03 6.589826e-03 6.725423e-03 6.688250e-03 6.466359e-03 6.073405e-03 5.540971e-03 4.911500e-03 4.230223e-03 3.539403e-03 2.878019e-03 2.272059e-03 1.740203e-03 1.290682e-03 9.262564e-04 6.423406e-04
[31,] 5.413059e-03 5.656003e-03 5.988430e-03 6.355763e-03 6.695836e-03 6.946144e-03 7.050878e-03 6.979579e-03 6.720770e-03 6.289607e-03 5.719376e-03 5.054363e-03 4.341090e-03 3.622417e-03 2.937952e-03 2.313404e-03 1.767251e-03 1.306990e-03 9.350786e-04 6.461714e-04
[32,] 5.829587e-03 6.029793e-03 6.323395e-03 6.655195e-03 6.962061e-03 7.181088e-03 7.255518e-03 7.154982e-03 6.868220e-03 6.411031e-03 5.817152e-03 5.131451e-03 4.400595e-03 3.667131e-03 2.970689e-03 2.336456e-03 1.782781e-03 1.316657e-03 9.405580e-04 6.487373e-04
[33,] 6.121994e-03 6.271943e-03 6.517309e-03 6.803985e-03 7.069667e-03 7.252749e-03 7.296802e-03 7.171969e-03 6.867086e-03 6.397747e-03 5.796842e-03 5.108411e-03 4.377984e-03 3.646716e-03 2.953452e-03 2.322438e-03 1.771778e-03 1.308079e-03 9.340111e-04 6.437557e-04
[34,] 6.262156e-03 6.356008e-03 6.544910e-03 6.777622e-03 6.994573e-03 7.137280e-03 7.151099e-03 7.007242e-03 6.694629e-03 6.227868e-03 5.637731e-03 4.965997e-03 4.255735e-03 3.545582e-03 2.872700e-03 2.259897e-03 1.724813e-03 1.273715e-03 9.095785e-04 6.268037e-04
[35,] 6.235987e-03 6.271245e-03 6.398609e-03 6.571279e-03 6.734167e-03 6.833563e-03 6.818035e-03 6.660467e-03 6.349979e-03 5.899617e-03 5.337032e-03 4.700527e-03 4.029570e-03 3.359265e-03 2.724193e-03 2.145161e-03 1.638972e-03 1.211470e-03 8.658943e-04 5.970952e-04
[36,] 6.044868e-03 6.023616e-03 6.089208e-03 6.200501e-03 6.308255e-03 6.364786e-03 6.323024e-03 6.157983e-03 5.859076e-03 5.437345e-03 4.916583e-03 4.330703e-03 3.714755e-03 3.099612e-03 2.516622e-03 1.984214e-03 1.518058e-03 1.123526e-03 8.040409e-04 5.550505e-04
[37,] 5.702837e-03 5.631136e-03 5.639037e-03 5.691805e-03 5.746947e-03 5.763602e-03 5.699908e-03 5.533369e-03 5.253830e-03 4.870112e-03 4.401782e-03 3.877822e-03 3.328405e-03 2.779797e-03 2.259667e-03 1.783833e-03 1.366551e-03 1.012639e-03 7.255509e-04 5.013847e-04
[38,] 5.235038e-03 5.122078e-03 5.079945e-03 5.080562e-03 5.088588e-03 5.070331e-03 4.989683e-03 4.826932e-03 4.572577e-03 4.233241e-03 3.824241e-03 3.369431e-03 2.893916e-03 2.419207e-03 1.969015e-03 1.556401e-03 1.193963e-03 8.858941e-04 6.355320e-04 4.396488e-04
[39,] 4.675111e-03 4.532392e-03 4.450872e-03 4.408906e-03 4.378199e-03 4.332072e-03 4.240312e-03 4.086102e-03 3.860779e-03 3.568959e-03 3.221994e-03 2.838768e-03 2.439482e-03 2.041063e-03 1.663232e-03 1.316335e-03 1.011155e-03 7.512108e-04 5.395779e-04 3.736637e-04
[40,] 4.061727e-03 3.901934e-03 3.793535e-03 3.720683e-03 3.661579e-03 3.595967e-03 3.499294e-03 3.357580e-03 3.163134e-03 2.918878e-03 2.632719e-03 2.319034e-03 1.993560e-03 1.669081e-03 1.361528e-03 1.078735e-03 8.296366e-04 6.170684e-04 4.437248e-04 3.075743e-04
[41,] 3.432577e-03 3.267901e-03 3.145203e-03 3.053541e-03 2.976767e-03 2.900187e-03 2.804407e-03 2.678097e-03 2.514613e-03 2.315549e-03 2.086004e-03 1.836493e-03 1.578887e-03 1.322432e-03 1.079634e-03 8.561369e-04 6.590983e-04 4.907033e-04 3.531974e-04 2.450165e-04
[42,] 2.821089e-03 2.661938e-03 2.536150e-03 2.436690e-03 2.352081e-03 2.272197e-03 2.182145e-03 2.072980e-03 1.939127e-03 1.781213e-03 1.602192e-03 1.409414e-03 1.211544e-03 1.014940e-03 8.291361e-04 6.579673e-04 5.069747e-04 3.777696e-04 2.721415e-04 1.889128e-04
[43,] 2.254328e-03 2.108671e-03 1.988847e-03 1.890740e-03 1.806529e-03 1.729643e-03 1.648945e-03 1.557542e-03 1.450886e-03 1.328959e-03 1.193179e-03 1.048439e-03 9.008592e-04 7.545796e-04 6.166687e-04 4.895680e-04 3.774296e-04 2.813918e-04 2.028178e-04 1.408348e-04
[44,] 1.751173e-03 1.624182e-03 1.516711e-03 1.426664e-03 1.348935e-03 1.279557e-03 1.210404e-03 1.136290e-03 1.053605e-03 9.619631e-04 8.617849e-04 7.561559e-04 6.492698e-04 5.436486e-04 4.443871e-04 3.529053e-04 2.722055e-04 2.030505e-04 1.464328e-04 1.017181e-04
[45,] 1.321711e-03 1.215732e-03 1.124155e-03 1.046176e-03 9.786044e-04 9.192798e-04 8.624139e-04 8.041992e-04 7.418587e-04 6.748414e-04 6.029849e-04 5.281111e-04 4.529992e-04 3.790547e-04 3.098436e-04 2.460856e-04 1.898730e-04 1.416887e-04 1.022229e-04 7.102327e-05
[46,] 9.691678e-04 8.843297e-04 8.098852e-04 7.457672e-04 6.900650e-04 6.417824e-04 5.968798e-04 5.526238e-04 5.069373e-04 4.592418e-04 4.090938e-04 3.574866e-04 3.062097e-04 2.559546e-04 2.091515e-04 1.660808e-04 1.281491e-04 9.564158e-05 6.901492e-05 4.795036e-05
[47,] 6.901339e-04 6.248058e-04 5.668129e-04 5.164466e-04 4.726137e-04 4.350166e-04 4.008948e-04 3.683337e-04 3.358248e-04 3.028392e-04 2.688436e-04 2.343136e-04 2.003626e-04 1.672545e-04 1.365989e-04 1.084273e-04 8.365264e-05 6.243135e-05 4.505261e-05 3.129617e-05
[48,] 4.767265e-04 4.282816e-04 3.849186e-04 3.470503e-04 3.140764e-04 2.860682e-04 2.611694e-04 2.380627e-04 2.156775e-04 1.935653e-04 1.712134e-04 1.487997e-04 1.269966e-04 1.058423e-04 8.637825e-05 6.852091e-05 5.284470e-05 3.942795e-05 2.844670e-05 1.975221e-05
[49,] 3.193965e-04 2.847081e-04 2.534668e-04 2.260704e-04 2.021989e-04 1.820866e-04 1.645117e-04 1.485973e-04 1.336140e-04 1.192158e-04 1.049701e-04 9.089915e-05 7.738972e-05 6.436901e-05 5.248284e-05 4.160216e-05 3.207072e-05 2.392125e-05 1.725420e-05 1.197398e-05
[50,] 2.044561e-04 1.802830e-04 1.583296e-04 1.389617e-04 1.220571e-04 1.079451e-04 9.587734e-05 8.530704e-05 7.575720e-05 6.695781e-05 5.854107e-05 5.042699e-05 4.279542e-05 3.551044e-05 2.893667e-05 2.293079e-05 1.768222e-05 1.319571e-05 9.524132e-06 6.611941e-06
[51,] 1.268475e-04 1.106663e-04 9.588394e-05 8.279739e-05 7.137945e-05 6.194896e-05 5.405214e-05 4.734787e-05 4.152659e-05 3.638530e-05 3.163375e-05 2.716177e-05 2.303954e-05 1.912954e-05 1.563298e-05 1.242869e-05 9.621619e-06 7.209863e-06 5.225662e-06 3.641587e-06
             [,41]        [,42]        [,43]        [,44]        [,45]        [,46]        [,47]        [,48]        [,49]        [,50]        [,51]
 [1,] 1.780714e-05 1.265151e-05 8.735974e-06 5.974741e-06 4.026114e-06 2.697917e-06 1.790525e-06 1.191901e-06 8.083609e-07 5.159513e-07 3.402540e-07
 [2,] 3.055521e-05 2.175466e-05 1.506391e-05 1.031260e-05 6.961773e-06 4.678196e-06 3.116304e-06 2.083683e-06 1.416729e-06 9.092639e-07 6.012370e-07
 [3,] 5.004881e-05 3.572056e-05 2.481630e-05 1.702868e-05 1.153365e-05 7.784309e-06 5.212327e-06 3.505852e-06 2.393511e-06 1.544845e-06 1.024227e-06
 [4,] 7.904253e-05 5.651725e-05 3.937400e-05 2.708230e-05 1.840562e-05 1.247894e-05 8.400619e-06 5.684402e-06 3.897379e-06 2.530308e-06 1.682111e-06
 [5,] 1.205877e-04 8.634954e-05 6.030093e-05 4.157122e-05 2.834584e-05 1.930389e-05 1.306281e-05 8.890524e-06 6.120598e-06 3.995964e-06 2.663303e-06
 [6,] 1.778009e-04 1.274563e-04 8.918312e-05 6.161266e-05 4.214348e-05 2.882197e-05 1.960029e-05 1.341264e-05 9.270254e-06 6.084526e-06 4.065310e-06
 [7,] 2.531718e-04 1.816310e-04 1.273054e-04 8.812857e-05 6.046359e-05 4.152227e-05 2.837279e-05 1.951860e-05 1.354148e-05 8.932814e-06 5.982379e-06
 [8,] 3.483214e-04 2.500425e-04 1.755093e-04 1.217306e-04 8.375868e-05 5.774561e-05 3.963872e-05 2.740496e-05 1.908018e-05 1.264503e-05 8.487136e-06
 [9,] 4.626519e-04 3.322357e-04 2.334880e-04 1.622371e-04 1.119409e-04 7.747059e-05 5.341482e-05 3.710725e-05 2.592409e-05 1.725799e-05 1.160794e-05
[10,] 5.936092e-04 4.263369e-04 2.999169e-04 2.087394e-04 1.444015e-04 1.002993e-04 6.944688e-05 4.846476e-05 3.396944e-05 2.270974e-05 1.530581e-05
[11,] 7.357708e-04 5.284050e-04 3.720035e-04 2.592944e-04 1.798055e-04 1.253188e-04 8.711620e-05 6.105660e-05 4.292754e-05 2.881277e-05 1.945649e-05
[12,] 8.811214e-04 6.326210e-04 4.456107e-04 3.109993e-04 2.161291e-04 1.511167e-04 1.054413e-04 7.419630e-05 5.231756e-05 3.524590e-05 2.384405e-05
[13,] 1.019650e-03 7.317332e-04 5.155785e-04 3.602129e-04 2.508088e-04 1.758790e-04 1.231415e-04 8.697253e-05 6.149303e-05 4.157030e-05 2.817104e-05
[14,] 1.140580e-03 8.179431e-04 5.763412e-04 4.029843e-04 2.810361e-04 1.975935e-04 1.387757e-04 9.834486e-05 6.970803e-05 4.727277e-05 3.208733e-05
[15,] 1.234058e-03 8.841043e-04 6.227721e-04 4.356401e-04 3.041653e-04 2.143314e-04 1.509374e-04 1.072807e-04 7.621445e-05 5.183177e-05 3.523484e-05
[16,] 1.291465e-03 9.240624e-04 6.505081e-04 4.550780e-04 3.179703e-04 2.244678e-04 1.584359e-04 1.128991e-04 8.036863e-05 5.479457e-05 3.730093e-05
[17,] 1.308525e-03 9.347676e-04 6.573540e-04 4.596851e-04 3.212387e-04 2.270673e-04 1.605480e-04 1.146391e-04 8.174778e-05 5.585254e-05 3.806940e-05
[18,] 1.284889e-03 9.160214e-04 6.431592e-04 4.493109e-04 3.138061e-04 2.219498e-04 1.570941e-04 1.123343e-04 8.021361e-05 5.489466e-05 3.745777e-05
[19,] 1.224270e-03 8.705789e-04 6.099006e-04 4.253346e-04 2.966117e-04 2.097411e-04 1.484826e-04 1.062492e-04 7.593909e-05 5.202476e-05 3.553187e-05
[20,] 1.134121e-03 8.038576e-04 5.614370e-04 3.904711e-04 2.715572e-04 1.917693e-04 1.356354e-04 9.703035e-05 6.937652e-05 4.754439e-05 3.249413e-05
[21,] 1.024476e-03 7.231212e-04 5.029436e-04 3.483796e-04 2.412291e-04 1.698674e-04 1.198517e-04 8.560622e-05 6.118544e-05 4.190258e-05 2.864861e-05
[22,] 9.062948e-04 6.362559e-04 4.400258e-04 3.030301e-04 2.084514e-04 1.460575e-04 1.025811e-04 7.302804e-05 5.212060e-05 3.562031e-05 2.435087e-05
[23,] 7.899925e-04 5.507261e-04 3.779787e-04 2.581772e-04 1.759063e-04 1.222733e-04 8.522241e-05 6.031907e-05 4.292178e-05 2.921302e-05 1.995440e-05
[24,] 6.842542e-04 4.727269e-04 3.211857e-04 2.169282e-04 1.458207e-04 1.001285e-04 6.895113e-05 4.834630e-05 3.421957e-05 2.312392e-05 1.576438e-05
[25,] 5.952411e-04 4.066329e-04 2.727342e-04 1.814724e-04 1.197699e-04 8.077203e-05 5.461156e-05 3.773797e-05 2.647416e-05 1.767979e-05 1.200688e-05
[26,] 5.262579e-04 3.547853e-04 2.342770e-04 1.529886e-04 9.861222e-05 6.483976e-05 4.267943e-05 2.885409e-05 1.995262e-05 1.307377e-05 8.816566e-06
[27,] 4.778337e-04 3.175738e-04 2.061061e-04 1.317050e-04 8.253502e-05 5.248943e-05 3.328728e-05 2.180380e-05 1.474083e-05 9.372742e-06 6.241456e-06
[28,] 4.481182e-04 2.937368e-04 1.873763e-04 1.170667e-04 7.117854e-05 4.349298e-05 2.629260e-05 1.649546e-05 1.077965e-05 6.542063e-06 4.259814e-06
[29,] 4.334516e-04 2.807802e-04 1.764111e-04 1.079568e-04 6.379744e-05 3.735611e-05 2.136598e-05 1.270184e-05 7.912398e-06 4.478641e-06 2.802945e-06
[30,] 4.290551e-04 2.754578e-04 1.710368e-04 1.029318e-04 5.942807e-05 3.343934e-05 1.807929e-05 1.012532e-05 5.932299e-06 3.044112e-06 1.778112e-06
[31,] 4.297214e-04 2.742442e-04 1.689032e-04 1.004394e-04 5.703940e-05 3.106373e-05 1.598061e-05 8.452394e-06 4.621933e-06 2.092324e-06 1.087490e-06
[32,] 4.303729e-04 2.737036e-04 1.677280e-04 9.898045e-05 5.564209e-05 2.958502e-05 1.464580e-05 7.391402e-06 3.780265e-06 1.488329e-06 6.412309e-07
[33,] 4.266122e-04 2.708506e-04 1.655270e-04 9.725365e-05 5.437965e-05 2.845035e-05 1.371373e-05 6.695239e-06 3.238259e-06 1.118982e-06 3.645254e-07
[34,] 4.151957e-04 2.633709e-04 1.606852e-04 9.415014e-05 5.249514e-05 2.715785e-05 1.285298e-05 6.138593e-06 2.846133e-06 8.848084e-07 1.937190e-07
[35,] 3.957199e-04 2.510666e-04 1.530803e-04 8.954515e-05 4.982555e-05 2.551683e-05 1.185967e-05 5.522440e-06 2.428166e-06 6.419000e-07 2.234914e-08
[36,] 3.682724e-04 2.339256e-04 1.427441e-04 8.356318e-05 4.658331e-05 2.381077e-05 1.103949e-05 5.139182e-06 2.238480e-06 5.918902e-07 0.000000e+00
[37,] 3.330350e-04 2.118018e-04 1.293604e-04 7.580791e-05 4.235286e-05 2.163590e-05 1.003118e-05 4.687151e-06 2.039425e-06 5.560330e-07 0.000000e+00
[38,] 2.923682e-04 1.861804e-04 1.138162e-04 6.677128e-05 3.738002e-05 1.908933e-05 8.852309e-06 4.150236e-06 1.803715e-06 5.058210e-07 0.000000e+00
[39,] 2.487794e-04 1.586374e-04 9.706847e-05 5.701026e-05 3.197686e-05 1.632849e-05 7.574971e-06 3.563075e-06 1.547577e-06 4.453048e-07 0.000000e+00
[40,] 2.050016e-04 1.308925e-04 8.015980e-05 4.713091e-05 2.648232e-05 1.352296e-05 6.275962e-06 2.961377e-06 1.285951e-06 3.789746e-07 0.000000e+00
[41,] 1.634654e-04 1.045011e-04 6.404623e-05 3.769623e-05 2.121503e-05 1.083424e-05 5.030187e-06 2.381414e-06 1.034228e-06 3.116409e-07 0.000000e+00
[42,] 1.261461e-04 8.073823e-05 4.951527e-05 2.917209e-05 1.644209e-05 8.397675e-06 3.900245e-06 1.851821e-06 8.045472e-07 2.475166e-07 0.000000e+00
[43,] 9.409378e-05 6.027658e-05 3.697961e-05 2.180196e-05 1.230163e-05 6.282111e-06 2.916889e-06 1.388355e-06 6.034100e-07 1.895657e-07 0.000000e+00
[44,] 6.800260e-05 4.360677e-05 2.676462e-05 1.579260e-05 8.921411e-06 4.556738e-06 2.115933e-06 1.009762e-06 4.392876e-07 1.404312e-07 0.000000e+00
[45,] 4.750650e-05 3.049275e-05 1.872178e-05 1.105511e-05 6.252184e-06 3.193797e-06 1.482864e-06 7.094121e-07 3.089674e-07 1.003984e-07 0.000000e+00
[46,] 3.208428e-05 2.061019e-05 1.265653e-05 7.478387e-06 4.233578e-06 2.162782e-06 1.003831e-06 4.813735e-07 2.099122e-07 6.926296e-08 0.000000e+00
[47,] 2.094484e-05 1.346372e-05 8.268887e-06 4.888478e-06 2.769567e-06 1.414878e-06 6.563319e-07 3.154386e-07 1.377404e-07 4.610458e-08 0.000000e+00
[48,] 1.321907e-05 8.501914e-06 5.220609e-06 3.087529e-06 1.750238e-06 8.940797e-07 4.144166e-07 1.995927e-07 8.728179e-08 2.960855e-08 0.000000e+00
[49,] 8.012207e-06 5.154814e-06 3.164480e-06 1.872243e-06 1.062122e-06 5.421067e-07 2.507412e-07 1.209540e-07 5.293439e-08 1.827530e-08 0.000000e+00
[50,] 4.430472e-06 2.856649e-06 1.754893e-06 1.040082e-06 5.919786e-07 3.021840e-07 1.398232e-07 6.815229e-08 2.974548e-08 1.070031e-08 0.000000e+00
[51,] 2.451201e-06 1.589094e-06 9.797588e-07 5.829436e-07 3.329546e-07 1.708019e-07 7.965246e-08 3.904598e-08 1.708197e-08 6.187451e-09 0.000000e+00

Call: rlm(formula = stack.loss ~ ., data = stackloss)
Residuals:
     Min       1Q   Median       3Q      Max 
-8.91753 -1.73127  0.06187  1.54306  6.50163 

Coefficients:
            Value    Std. Error t value 
(Intercept) -41.0265   9.8073    -4.1832
Air.Flow      0.8294   0.1112     7.4597
Water.Temp    0.9261   0.3034     3.0524
Acid.Conc.   -0.1278   0.1289    -0.9922

Residual standard error: 2.441 on 17 degrees of freedom

Call: rlm(formula = stack.loss ~ ., data = stackloss)
Residuals:
     Min       1Q   Median       3Q      Max 
-8.91753 -1.73127  0.06187  1.54306  6.50163 

Coefficients:
            Value    Std. Error t value 
(Intercept) -41.0265   9.8073    -4.1832
Air.Flow      0.8294   0.1112     7.4597
Water.Temp    0.9261   0.3034     3.0524
Acid.Conc.   -0.1278   0.1289    -0.9922

Residual standard error: 2.441 on 17 degrees of freedom
Call:
rlm(formula = stack.loss ~ ., data = stackloss)
Converged in 9 iterations

Coefficients:
(Intercept)    Air.Flow  Water.Temp  Acid.Conc. 
-41.0265311   0.8293739   0.9261082  -0.1278492 

Degrees of freedom: 21 total; 17 residual
Scale estimate: 2.44 
